<?xml version="1.0" encoding="UTF-8"?>
<testsuite xmlns:xsi="http://www.w3.org/2001/XMLSchema-instance" xsi:noNamespaceSchemaLocation="https://maven.apache.org/surefire/maven-surefire-plugin/xsd/surefire-test-report.xsd" version="3.0.2" name="com.example.flightmanagementsystem.FlightmanagementsystemApplicationTests" time="0.968" tests="1" errors="0" skipped="0" failures="0">
  <properties>
[...]
</properties>
  <testcase name="contextLoads" classname="com.example.flightmanagementsystem.FlightmanagementsystemApplicationTests" time="0.341">
    <system-out><![CDATA[21:36:39.456 [main] INFO org.springframework.test.context.support.AnnotationConfigContextLoaderUtils -- Could not detect default configuration classes for test class [com.example.flightmanagementsystem.FlightmanagementsystemApplicationTests]: FlightmanagementsystemApplicationTests does not declare any static, non-private, non-final, nested classes annotated with @Configuration.
21:36:39.500 [main] INFO org.springframework.boot.test.context.SpringBootTestContextBootstrapper -- Found @SpringBootConfiguration com.example.flightmanagementsystem.FlightmanagementsystemApplication for test class com.example.flightmanagementsystem.FlightmanagementsystemApplicationTests
21:36:39.552 [main] INFO org.springframework.boot.devtools.restart.RestartApplicationListener -- Restart disabled due to context in which it is running

  .   ____          _            __ _ _
 /\\ / ___'_ __ _ _(_)_ __  __ _ \ \ \ \
( ( )\___ | '_ | '_| | '_ \/ _` | \ \ \ \
 \\/  ___)| |_)| | | | | || (_| |  ) ) ) )
  '  |____| .__|_| |_|_| |_\__, | / / / /
 =========|_|==============|___/=/_/_/_/

 :: Spring Boot ::                (v4.0.0)

2025-12-07T21:36:39.638+02:00  INFO 3489 --- [flightmanagementsystem] [           main] f.FlightmanagementsystemApplicationTests : Starting FlightmanagementsystemApplicationTests using Java 25.0.1 with PID 3489 (started by anachialda in /Users/anachialda/Documents/MAP/flightmanagementsystemMAP)
2025-12-07T21:36:39.639+02:00  INFO 3489 --- [flightmanagementsystem] [           main] f.FlightmanagementsystemApplicationTests : No active profile set, falling back to 1 default profile: "default"
2025-12-07T21:36:40.015+02:00  INFO 3489 --- [flightmanagementsystem] [           main] f.FlightmanagementsystemApplicationTests : Started FlightmanagementsystemApplicationTests in 0.466 seconds (process running for 0.851)
]]></system-out>
    <system-err><![CDATA[Mockito is currently self-attaching to enable the inline-mock-maker. This will no longer work in future releases of the JDK. Please add Mockito as an agent to your build as described in Mockito's documentation: https://javadoc.io/doc/org.mockito/mockito-core/latest/org.mockito/org/mockito/Mockito.html#0.3
WARNING: A Java agent has been loaded dynamically (/Users/anachialda/.m2/repository/net/bytebuddy/byte-buddy-agent/1.17.8/byte-buddy-agent-1.17.8.jar)
WARNING: If a serviceability tool is in use, please run with -XX:+EnableDynamicAgentLoading to hide this warning
WARNING: If a serviceability tool is not in use, please run with -Djdk.instrument.traceUsage for more information
WARNING: Dynamic loading of agents will be disallowed by default in a future release
]]></system-err>
  </testcase>
</testsuite>